                                      1 ;--------------------------------------------------------
                                      2 ; File Created by SDCC : free open source ISO C Compiler 
                                      3 ; Version 4.2.2 #13350 (Linux)
                                      4 ;--------------------------------------------------------
                                      5 	.module font
                                      6 	.optsdcc -msm83
                                      7 	
                                      8 ;--------------------------------------------------------
                                      9 ; Public variables in this module
                                     10 ;--------------------------------------------------------
                                     11 	.globl _FontOG
                                     12 	.globl _font8x8_basic
                                     13 ;--------------------------------------------------------
                                     14 ; special function registers
                                     15 ;--------------------------------------------------------
                                     16 ;--------------------------------------------------------
                                     17 ; ram data
                                     18 ;--------------------------------------------------------
                                     19 	.area _DATA
                                     20 ;--------------------------------------------------------
                                     21 ; ram data
                                     22 ;--------------------------------------------------------
                                     23 	.area _INITIALIZED
                                     24 ;--------------------------------------------------------
                                     25 ; absolute external ram data
                                     26 ;--------------------------------------------------------
                                     27 	.area _DABS (ABS)
                                     28 ;--------------------------------------------------------
                                     29 ; global & static initialisations
                                     30 ;--------------------------------------------------------
                                     31 	.area _HOME
                                     32 	.area _GSINIT
                                     33 	.area _GSFINAL
                                     34 	.area _GSINIT
                                     35 ;--------------------------------------------------------
                                     36 ; Home
                                     37 ;--------------------------------------------------------
                                     38 	.area _HOME
                                     39 	.area _HOME
                                     40 ;--------------------------------------------------------
                                     41 ; code
                                     42 ;--------------------------------------------------------
                                     43 	.area _CODE
                                     44 	.area _CODE
      000000                         45 _font8x8_basic:
      000000 00                      46 	.db #0x00	; 0
      000001 00                      47 	.db #0x00	; 0
      000002 00                      48 	.db #0x00	; 0
      000003 00                      49 	.db #0x00	; 0
      000004 00                      50 	.db #0x00	; 0
      000005 00                      51 	.db #0x00	; 0
      000006 00                      52 	.db #0x00	; 0
      000007 00                      53 	.db #0x00	; 0
      000008 00                      54 	.db #0x00	; 0
      000009 00                      55 	.db #0x00	; 0
      00000A 00                      56 	.db #0x00	; 0
      00000B 00                      57 	.db #0x00	; 0
      00000C 00                      58 	.db #0x00	; 0
      00000D 00                      59 	.db #0x00	; 0
      00000E 00                      60 	.db #0x00	; 0
      00000F 00                      61 	.db #0x00	; 0
      000010 00                      62 	.db #0x00	; 0
      000011 00                      63 	.db #0x00	; 0
      000012 00                      64 	.db #0x00	; 0
      000013 00                      65 	.db #0x00	; 0
      000014 00                      66 	.db #0x00	; 0
      000015 00                      67 	.db #0x00	; 0
      000016 00                      68 	.db #0x00	; 0
      000017 00                      69 	.db #0x00	; 0
      000018 00                      70 	.db #0x00	; 0
      000019 00                      71 	.db #0x00	; 0
      00001A 00                      72 	.db #0x00	; 0
      00001B 00                      73 	.db #0x00	; 0
      00001C 00                      74 	.db #0x00	; 0
      00001D 00                      75 	.db #0x00	; 0
      00001E 00                      76 	.db #0x00	; 0
      00001F 00                      77 	.db #0x00	; 0
      000020 00                      78 	.db #0x00	; 0
      000021 00                      79 	.db #0x00	; 0
      000022 00                      80 	.db #0x00	; 0
      000023 00                      81 	.db #0x00	; 0
      000024 00                      82 	.db #0x00	; 0
      000025 00                      83 	.db #0x00	; 0
      000026 00                      84 	.db #0x00	; 0
      000027 00                      85 	.db #0x00	; 0
      000028 00                      86 	.db #0x00	; 0
      000029 00                      87 	.db #0x00	; 0
      00002A 00                      88 	.db #0x00	; 0
      00002B 00                      89 	.db #0x00	; 0
      00002C 00                      90 	.db #0x00	; 0
      00002D 00                      91 	.db #0x00	; 0
      00002E 00                      92 	.db #0x00	; 0
      00002F 00                      93 	.db #0x00	; 0
      000030 00                      94 	.db #0x00	; 0
      000031 00                      95 	.db #0x00	; 0
      000032 00                      96 	.db #0x00	; 0
      000033 00                      97 	.db #0x00	; 0
      000034 00                      98 	.db #0x00	; 0
      000035 00                      99 	.db #0x00	; 0
      000036 00                     100 	.db #0x00	; 0
      000037 00                     101 	.db #0x00	; 0
      000038 00                     102 	.db #0x00	; 0
      000039 00                     103 	.db #0x00	; 0
      00003A 00                     104 	.db #0x00	; 0
      00003B 00                     105 	.db #0x00	; 0
      00003C 00                     106 	.db #0x00	; 0
      00003D 00                     107 	.db #0x00	; 0
      00003E 00                     108 	.db #0x00	; 0
      00003F 00                     109 	.db #0x00	; 0
      000040 00                     110 	.db #0x00	; 0
      000041 00                     111 	.db #0x00	; 0
      000042 00                     112 	.db #0x00	; 0
      000043 00                     113 	.db #0x00	; 0
      000044 00                     114 	.db #0x00	; 0
      000045 00                     115 	.db #0x00	; 0
      000046 00                     116 	.db #0x00	; 0
      000047 00                     117 	.db #0x00	; 0
      000048 00                     118 	.db #0x00	; 0
      000049 00                     119 	.db #0x00	; 0
      00004A 00                     120 	.db #0x00	; 0
      00004B 00                     121 	.db #0x00	; 0
      00004C 00                     122 	.db #0x00	; 0
      00004D 00                     123 	.db #0x00	; 0
      00004E 00                     124 	.db #0x00	; 0
      00004F 00                     125 	.db #0x00	; 0
      000050 00                     126 	.db #0x00	; 0
      000051 00                     127 	.db #0x00	; 0
      000052 00                     128 	.db #0x00	; 0
      000053 00                     129 	.db #0x00	; 0
      000054 00                     130 	.db #0x00	; 0
      000055 00                     131 	.db #0x00	; 0
      000056 00                     132 	.db #0x00	; 0
      000057 00                     133 	.db #0x00	; 0
      000058 00                     134 	.db #0x00	; 0
      000059 00                     135 	.db #0x00	; 0
      00005A 00                     136 	.db #0x00	; 0
      00005B 00                     137 	.db #0x00	; 0
      00005C 00                     138 	.db #0x00	; 0
      00005D 00                     139 	.db #0x00	; 0
      00005E 00                     140 	.db #0x00	; 0
      00005F 00                     141 	.db #0x00	; 0
      000060 00                     142 	.db #0x00	; 0
      000061 00                     143 	.db #0x00	; 0
      000062 00                     144 	.db #0x00	; 0
      000063 00                     145 	.db #0x00	; 0
      000064 00                     146 	.db #0x00	; 0
      000065 00                     147 	.db #0x00	; 0
      000066 00                     148 	.db #0x00	; 0
      000067 00                     149 	.db #0x00	; 0
      000068 00                     150 	.db #0x00	; 0
      000069 00                     151 	.db #0x00	; 0
      00006A 00                     152 	.db #0x00	; 0
      00006B 00                     153 	.db #0x00	; 0
      00006C 00                     154 	.db #0x00	; 0
      00006D 00                     155 	.db #0x00	; 0
      00006E 00                     156 	.db #0x00	; 0
      00006F 00                     157 	.db #0x00	; 0
      000070 00                     158 	.db #0x00	; 0
      000071 00                     159 	.db #0x00	; 0
      000072 00                     160 	.db #0x00	; 0
      000073 00                     161 	.db #0x00	; 0
      000074 00                     162 	.db #0x00	; 0
      000075 00                     163 	.db #0x00	; 0
      000076 00                     164 	.db #0x00	; 0
      000077 00                     165 	.db #0x00	; 0
      000078 00                     166 	.db #0x00	; 0
      000079 00                     167 	.db #0x00	; 0
      00007A 00                     168 	.db #0x00	; 0
      00007B 00                     169 	.db #0x00	; 0
      00007C 00                     170 	.db #0x00	; 0
      00007D 00                     171 	.db #0x00	; 0
      00007E 00                     172 	.db #0x00	; 0
      00007F 00                     173 	.db #0x00	; 0
      000080 00                     174 	.db #0x00	; 0
      000081 00                     175 	.db #0x00	; 0
      000082 00                     176 	.db #0x00	; 0
      000083 00                     177 	.db #0x00	; 0
      000084 00                     178 	.db #0x00	; 0
      000085 00                     179 	.db #0x00	; 0
      000086 00                     180 	.db #0x00	; 0
      000087 00                     181 	.db #0x00	; 0
      000088 00                     182 	.db #0x00	; 0
      000089 00                     183 	.db #0x00	; 0
      00008A 00                     184 	.db #0x00	; 0
      00008B 00                     185 	.db #0x00	; 0
      00008C 00                     186 	.db #0x00	; 0
      00008D 00                     187 	.db #0x00	; 0
      00008E 00                     188 	.db #0x00	; 0
      00008F 00                     189 	.db #0x00	; 0
      000090 00                     190 	.db #0x00	; 0
      000091 00                     191 	.db #0x00	; 0
      000092 00                     192 	.db #0x00	; 0
      000093 00                     193 	.db #0x00	; 0
      000094 00                     194 	.db #0x00	; 0
      000095 00                     195 	.db #0x00	; 0
      000096 00                     196 	.db #0x00	; 0
      000097 00                     197 	.db #0x00	; 0
      000098 00                     198 	.db #0x00	; 0
      000099 00                     199 	.db #0x00	; 0
      00009A 00                     200 	.db #0x00	; 0
      00009B 00                     201 	.db #0x00	; 0
      00009C 00                     202 	.db #0x00	; 0
      00009D 00                     203 	.db #0x00	; 0
      00009E 00                     204 	.db #0x00	; 0
      00009F 00                     205 	.db #0x00	; 0
      0000A0 00                     206 	.db #0x00	; 0
      0000A1 00                     207 	.db #0x00	; 0
      0000A2 00                     208 	.db #0x00	; 0
      0000A3 00                     209 	.db #0x00	; 0
      0000A4 00                     210 	.db #0x00	; 0
      0000A5 00                     211 	.db #0x00	; 0
      0000A6 00                     212 	.db #0x00	; 0
      0000A7 00                     213 	.db #0x00	; 0
      0000A8 00                     214 	.db #0x00	; 0
      0000A9 00                     215 	.db #0x00	; 0
      0000AA 00                     216 	.db #0x00	; 0
      0000AB 00                     217 	.db #0x00	; 0
      0000AC 00                     218 	.db #0x00	; 0
      0000AD 00                     219 	.db #0x00	; 0
      0000AE 00                     220 	.db #0x00	; 0
      0000AF 00                     221 	.db #0x00	; 0
      0000B0 00                     222 	.db #0x00	; 0
      0000B1 00                     223 	.db #0x00	; 0
      0000B2 00                     224 	.db #0x00	; 0
      0000B3 00                     225 	.db #0x00	; 0
      0000B4 00                     226 	.db #0x00	; 0
      0000B5 00                     227 	.db #0x00	; 0
      0000B6 00                     228 	.db #0x00	; 0
      0000B7 00                     229 	.db #0x00	; 0
      0000B8 00                     230 	.db #0x00	; 0
      0000B9 00                     231 	.db #0x00	; 0
      0000BA 00                     232 	.db #0x00	; 0
      0000BB 00                     233 	.db #0x00	; 0
      0000BC 00                     234 	.db #0x00	; 0
      0000BD 00                     235 	.db #0x00	; 0
      0000BE 00                     236 	.db #0x00	; 0
      0000BF 00                     237 	.db #0x00	; 0
      0000C0 00                     238 	.db #0x00	; 0
      0000C1 00                     239 	.db #0x00	; 0
      0000C2 00                     240 	.db #0x00	; 0
      0000C3 00                     241 	.db #0x00	; 0
      0000C4 00                     242 	.db #0x00	; 0
      0000C5 00                     243 	.db #0x00	; 0
      0000C6 00                     244 	.db #0x00	; 0
      0000C7 00                     245 	.db #0x00	; 0
      0000C8 00                     246 	.db #0x00	; 0
      0000C9 00                     247 	.db #0x00	; 0
      0000CA 00                     248 	.db #0x00	; 0
      0000CB 00                     249 	.db #0x00	; 0
      0000CC 00                     250 	.db #0x00	; 0
      0000CD 00                     251 	.db #0x00	; 0
      0000CE 00                     252 	.db #0x00	; 0
      0000CF 00                     253 	.db #0x00	; 0
      0000D0 00                     254 	.db #0x00	; 0
      0000D1 00                     255 	.db #0x00	; 0
      0000D2 00                     256 	.db #0x00	; 0
      0000D3 00                     257 	.db #0x00	; 0
      0000D4 00                     258 	.db #0x00	; 0
      0000D5 00                     259 	.db #0x00	; 0
      0000D6 00                     260 	.db #0x00	; 0
      0000D7 00                     261 	.db #0x00	; 0
      0000D8 00                     262 	.db #0x00	; 0
      0000D9 00                     263 	.db #0x00	; 0
      0000DA 00                     264 	.db #0x00	; 0
      0000DB 00                     265 	.db #0x00	; 0
      0000DC 00                     266 	.db #0x00	; 0
      0000DD 00                     267 	.db #0x00	; 0
      0000DE 00                     268 	.db #0x00	; 0
      0000DF 00                     269 	.db #0x00	; 0
      0000E0 00                     270 	.db #0x00	; 0
      0000E1 00                     271 	.db #0x00	; 0
      0000E2 00                     272 	.db #0x00	; 0
      0000E3 00                     273 	.db #0x00	; 0
      0000E4 00                     274 	.db #0x00	; 0
      0000E5 00                     275 	.db #0x00	; 0
      0000E6 00                     276 	.db #0x00	; 0
      0000E7 00                     277 	.db #0x00	; 0
      0000E8 00                     278 	.db #0x00	; 0
      0000E9 00                     279 	.db #0x00	; 0
      0000EA 00                     280 	.db #0x00	; 0
      0000EB 00                     281 	.db #0x00	; 0
      0000EC 00                     282 	.db #0x00	; 0
      0000ED 00                     283 	.db #0x00	; 0
      0000EE 00                     284 	.db #0x00	; 0
      0000EF 00                     285 	.db #0x00	; 0
      0000F0 00                     286 	.db #0x00	; 0
      0000F1 00                     287 	.db #0x00	; 0
      0000F2 00                     288 	.db #0x00	; 0
      0000F3 00                     289 	.db #0x00	; 0
      0000F4 00                     290 	.db #0x00	; 0
      0000F5 00                     291 	.db #0x00	; 0
      0000F6 00                     292 	.db #0x00	; 0
      0000F7 00                     293 	.db #0x00	; 0
      0000F8 00                     294 	.db #0x00	; 0
      0000F9 00                     295 	.db #0x00	; 0
      0000FA 00                     296 	.db #0x00	; 0
      0000FB 00                     297 	.db #0x00	; 0
      0000FC 00                     298 	.db #0x00	; 0
      0000FD 00                     299 	.db #0x00	; 0
      0000FE 00                     300 	.db #0x00	; 0
      0000FF 00                     301 	.db #0x00	; 0
      000100 00                     302 	.db #0x00	; 0
      000101 00                     303 	.db #0x00	; 0
      000102 00                     304 	.db #0x00	; 0
      000103 00                     305 	.db #0x00	; 0
      000104 00                     306 	.db #0x00	; 0
      000105 00                     307 	.db #0x00	; 0
      000106 00                     308 	.db #0x00	; 0
      000107 00                     309 	.db #0x00	; 0
      000108 18                     310 	.db #0x18	; 24
      000109 3C                     311 	.db #0x3c	; 60
      00010A 3C                     312 	.db #0x3c	; 60
      00010B 18                     313 	.db #0x18	; 24
      00010C 18                     314 	.db #0x18	; 24
      00010D 00                     315 	.db #0x00	; 0
      00010E 18                     316 	.db #0x18	; 24
      00010F 00                     317 	.db #0x00	; 0
      000110 36                     318 	.db #0x36	; 54	'6'
      000111 36                     319 	.db #0x36	; 54	'6'
      000112 00                     320 	.db #0x00	; 0
      000113 00                     321 	.db #0x00	; 0
      000114 00                     322 	.db #0x00	; 0
      000115 00                     323 	.db #0x00	; 0
      000116 00                     324 	.db #0x00	; 0
      000117 00                     325 	.db #0x00	; 0
      000118 36                     326 	.db #0x36	; 54	'6'
      000119 36                     327 	.db #0x36	; 54	'6'
      00011A 7F                     328 	.db #0x7f	; 127
      00011B 36                     329 	.db #0x36	; 54	'6'
      00011C 7F                     330 	.db #0x7f	; 127
      00011D 36                     331 	.db #0x36	; 54	'6'
      00011E 36                     332 	.db #0x36	; 54	'6'
      00011F 00                     333 	.db #0x00	; 0
      000120 0C                     334 	.db #0x0c	; 12
      000121 3E                     335 	.db #0x3e	; 62
      000122 03                     336 	.db #0x03	; 3
      000123 1E                     337 	.db #0x1e	; 30
      000124 30                     338 	.db #0x30	; 48	'0'
      000125 1F                     339 	.db #0x1f	; 31
      000126 0C                     340 	.db #0x0c	; 12
      000127 00                     341 	.db #0x00	; 0
      000128 00                     342 	.db #0x00	; 0
      000129 63                     343 	.db #0x63	; 99	'c'
      00012A 33                     344 	.db #0x33	; 51	'3'
      00012B 18                     345 	.db #0x18	; 24
      00012C 0C                     346 	.db #0x0c	; 12
      00012D 66                     347 	.db #0x66	; 102	'f'
      00012E 63                     348 	.db #0x63	; 99	'c'
      00012F 00                     349 	.db #0x00	; 0
      000130 1C                     350 	.db #0x1c	; 28
      000131 36                     351 	.db #0x36	; 54	'6'
      000132 1C                     352 	.db #0x1c	; 28
      000133 6E                     353 	.db #0x6e	; 110	'n'
      000134 3B                     354 	.db #0x3b	; 59
      000135 33                     355 	.db #0x33	; 51	'3'
      000136 6E                     356 	.db #0x6e	; 110	'n'
      000137 00                     357 	.db #0x00	; 0
      000138 06                     358 	.db #0x06	; 6
      000139 06                     359 	.db #0x06	; 6
      00013A 03                     360 	.db #0x03	; 3
      00013B 00                     361 	.db #0x00	; 0
      00013C 00                     362 	.db #0x00	; 0
      00013D 00                     363 	.db #0x00	; 0
      00013E 00                     364 	.db #0x00	; 0
      00013F 00                     365 	.db #0x00	; 0
      000140 18                     366 	.db #0x18	; 24
      000141 0C                     367 	.db #0x0c	; 12
      000142 06                     368 	.db #0x06	; 6
      000143 06                     369 	.db #0x06	; 6
      000144 06                     370 	.db #0x06	; 6
      000145 0C                     371 	.db #0x0c	; 12
      000146 18                     372 	.db #0x18	; 24
      000147 00                     373 	.db #0x00	; 0
      000148 06                     374 	.db #0x06	; 6
      000149 0C                     375 	.db #0x0c	; 12
      00014A 18                     376 	.db #0x18	; 24
      00014B 18                     377 	.db #0x18	; 24
      00014C 18                     378 	.db #0x18	; 24
      00014D 0C                     379 	.db #0x0c	; 12
      00014E 06                     380 	.db #0x06	; 6
      00014F 00                     381 	.db #0x00	; 0
      000150 00                     382 	.db #0x00	; 0
      000151 66                     383 	.db #0x66	; 102	'f'
      000152 3C                     384 	.db #0x3c	; 60
      000153 FF                     385 	.db #0xff	; 255
      000154 3C                     386 	.db #0x3c	; 60
      000155 66                     387 	.db #0x66	; 102	'f'
      000156 00                     388 	.db #0x00	; 0
      000157 00                     389 	.db #0x00	; 0
      000158 00                     390 	.db #0x00	; 0
      000159 0C                     391 	.db #0x0c	; 12
      00015A 0C                     392 	.db #0x0c	; 12
      00015B 3F                     393 	.db #0x3f	; 63
      00015C 0C                     394 	.db #0x0c	; 12
      00015D 0C                     395 	.db #0x0c	; 12
      00015E 00                     396 	.db #0x00	; 0
      00015F 00                     397 	.db #0x00	; 0
      000160 00                     398 	.db #0x00	; 0
      000161 00                     399 	.db #0x00	; 0
      000162 00                     400 	.db #0x00	; 0
      000163 00                     401 	.db #0x00	; 0
      000164 00                     402 	.db #0x00	; 0
      000165 0C                     403 	.db #0x0c	; 12
      000166 0C                     404 	.db #0x0c	; 12
      000167 06                     405 	.db #0x06	; 6
      000168 00                     406 	.db #0x00	; 0
      000169 00                     407 	.db #0x00	; 0
      00016A 00                     408 	.db #0x00	; 0
      00016B 3F                     409 	.db #0x3f	; 63
      00016C 00                     410 	.db #0x00	; 0
      00016D 00                     411 	.db #0x00	; 0
      00016E 00                     412 	.db #0x00	; 0
      00016F 00                     413 	.db #0x00	; 0
      000170 00                     414 	.db #0x00	; 0
      000171 00                     415 	.db #0x00	; 0
      000172 00                     416 	.db #0x00	; 0
      000173 00                     417 	.db #0x00	; 0
      000174 00                     418 	.db #0x00	; 0
      000175 0C                     419 	.db #0x0c	; 12
      000176 0C                     420 	.db #0x0c	; 12
      000177 00                     421 	.db #0x00	; 0
      000178 60                     422 	.db #0x60	; 96
      000179 30                     423 	.db #0x30	; 48	'0'
      00017A 18                     424 	.db #0x18	; 24
      00017B 0C                     425 	.db #0x0c	; 12
      00017C 06                     426 	.db #0x06	; 6
      00017D 03                     427 	.db #0x03	; 3
      00017E 01                     428 	.db #0x01	; 1
      00017F 00                     429 	.db #0x00	; 0
      000180 3E                     430 	.db #0x3e	; 62
      000181 63                     431 	.db #0x63	; 99	'c'
      000182 73                     432 	.db #0x73	; 115	's'
      000183 7B                     433 	.db #0x7b	; 123
      000184 6F                     434 	.db #0x6f	; 111	'o'
      000185 67                     435 	.db #0x67	; 103	'g'
      000186 3E                     436 	.db #0x3e	; 62
      000187 00                     437 	.db #0x00	; 0
      000188 0C                     438 	.db #0x0c	; 12
      000189 0E                     439 	.db #0x0e	; 14
      00018A 0C                     440 	.db #0x0c	; 12
      00018B 0C                     441 	.db #0x0c	; 12
      00018C 0C                     442 	.db #0x0c	; 12
      00018D 0C                     443 	.db #0x0c	; 12
      00018E 3F                     444 	.db #0x3f	; 63
      00018F 00                     445 	.db #0x00	; 0
      000190 1E                     446 	.db #0x1e	; 30
      000191 33                     447 	.db #0x33	; 51	'3'
      000192 30                     448 	.db #0x30	; 48	'0'
      000193 1C                     449 	.db #0x1c	; 28
      000194 06                     450 	.db #0x06	; 6
      000195 33                     451 	.db #0x33	; 51	'3'
      000196 3F                     452 	.db #0x3f	; 63
      000197 00                     453 	.db #0x00	; 0
      000198 1E                     454 	.db #0x1e	; 30
      000199 33                     455 	.db #0x33	; 51	'3'
      00019A 30                     456 	.db #0x30	; 48	'0'
      00019B 1C                     457 	.db #0x1c	; 28
      00019C 30                     458 	.db #0x30	; 48	'0'
      00019D 33                     459 	.db #0x33	; 51	'3'
      00019E 1E                     460 	.db #0x1e	; 30
      00019F 00                     461 	.db #0x00	; 0
      0001A0 38                     462 	.db #0x38	; 56	'8'
      0001A1 3C                     463 	.db #0x3c	; 60
      0001A2 36                     464 	.db #0x36	; 54	'6'
      0001A3 33                     465 	.db #0x33	; 51	'3'
      0001A4 7F                     466 	.db #0x7f	; 127
      0001A5 30                     467 	.db #0x30	; 48	'0'
      0001A6 78                     468 	.db #0x78	; 120	'x'
      0001A7 00                     469 	.db #0x00	; 0
      0001A8 3F                     470 	.db #0x3f	; 63
      0001A9 03                     471 	.db #0x03	; 3
      0001AA 1F                     472 	.db #0x1f	; 31
      0001AB 30                     473 	.db #0x30	; 48	'0'
      0001AC 30                     474 	.db #0x30	; 48	'0'
      0001AD 33                     475 	.db #0x33	; 51	'3'
      0001AE 1E                     476 	.db #0x1e	; 30
      0001AF 00                     477 	.db #0x00	; 0
      0001B0 1C                     478 	.db #0x1c	; 28
      0001B1 06                     479 	.db #0x06	; 6
      0001B2 03                     480 	.db #0x03	; 3
      0001B3 1F                     481 	.db #0x1f	; 31
      0001B4 33                     482 	.db #0x33	; 51	'3'
      0001B5 33                     483 	.db #0x33	; 51	'3'
      0001B6 1E                     484 	.db #0x1e	; 30
      0001B7 00                     485 	.db #0x00	; 0
      0001B8 3F                     486 	.db #0x3f	; 63
      0001B9 33                     487 	.db #0x33	; 51	'3'
      0001BA 30                     488 	.db #0x30	; 48	'0'
      0001BB 18                     489 	.db #0x18	; 24
      0001BC 0C                     490 	.db #0x0c	; 12
      0001BD 0C                     491 	.db #0x0c	; 12
      0001BE 0C                     492 	.db #0x0c	; 12
      0001BF 00                     493 	.db #0x00	; 0
      0001C0 1E                     494 	.db #0x1e	; 30
      0001C1 33                     495 	.db #0x33	; 51	'3'
      0001C2 33                     496 	.db #0x33	; 51	'3'
      0001C3 1E                     497 	.db #0x1e	; 30
      0001C4 33                     498 	.db #0x33	; 51	'3'
      0001C5 33                     499 	.db #0x33	; 51	'3'
      0001C6 1E                     500 	.db #0x1e	; 30
      0001C7 00                     501 	.db #0x00	; 0
      0001C8 1E                     502 	.db #0x1e	; 30
      0001C9 33                     503 	.db #0x33	; 51	'3'
      0001CA 33                     504 	.db #0x33	; 51	'3'
      0001CB 3E                     505 	.db #0x3e	; 62
      0001CC 30                     506 	.db #0x30	; 48	'0'
      0001CD 18                     507 	.db #0x18	; 24
      0001CE 0E                     508 	.db #0x0e	; 14
      0001CF 00                     509 	.db #0x00	; 0
      0001D0 00                     510 	.db #0x00	; 0
      0001D1 0C                     511 	.db #0x0c	; 12
      0001D2 0C                     512 	.db #0x0c	; 12
      0001D3 00                     513 	.db #0x00	; 0
      0001D4 00                     514 	.db #0x00	; 0
      0001D5 0C                     515 	.db #0x0c	; 12
      0001D6 0C                     516 	.db #0x0c	; 12
      0001D7 00                     517 	.db #0x00	; 0
      0001D8 00                     518 	.db #0x00	; 0
      0001D9 0C                     519 	.db #0x0c	; 12
      0001DA 0C                     520 	.db #0x0c	; 12
      0001DB 00                     521 	.db #0x00	; 0
      0001DC 00                     522 	.db #0x00	; 0
      0001DD 0C                     523 	.db #0x0c	; 12
      0001DE 0C                     524 	.db #0x0c	; 12
      0001DF 06                     525 	.db #0x06	; 6
      0001E0 18                     526 	.db #0x18	; 24
      0001E1 0C                     527 	.db #0x0c	; 12
      0001E2 06                     528 	.db #0x06	; 6
      0001E3 03                     529 	.db #0x03	; 3
      0001E4 06                     530 	.db #0x06	; 6
      0001E5 0C                     531 	.db #0x0c	; 12
      0001E6 18                     532 	.db #0x18	; 24
      0001E7 00                     533 	.db #0x00	; 0
      0001E8 00                     534 	.db #0x00	; 0
      0001E9 00                     535 	.db #0x00	; 0
      0001EA 3F                     536 	.db #0x3f	; 63
      0001EB 00                     537 	.db #0x00	; 0
      0001EC 00                     538 	.db #0x00	; 0
      0001ED 3F                     539 	.db #0x3f	; 63
      0001EE 00                     540 	.db #0x00	; 0
      0001EF 00                     541 	.db #0x00	; 0
      0001F0 06                     542 	.db #0x06	; 6
      0001F1 0C                     543 	.db #0x0c	; 12
      0001F2 18                     544 	.db #0x18	; 24
      0001F3 30                     545 	.db #0x30	; 48	'0'
      0001F4 18                     546 	.db #0x18	; 24
      0001F5 0C                     547 	.db #0x0c	; 12
      0001F6 06                     548 	.db #0x06	; 6
      0001F7 00                     549 	.db #0x00	; 0
      0001F8 1E                     550 	.db #0x1e	; 30
      0001F9 33                     551 	.db #0x33	; 51	'3'
      0001FA 30                     552 	.db #0x30	; 48	'0'
      0001FB 18                     553 	.db #0x18	; 24
      0001FC 0C                     554 	.db #0x0c	; 12
      0001FD 00                     555 	.db #0x00	; 0
      0001FE 0C                     556 	.db #0x0c	; 12
      0001FF 00                     557 	.db #0x00	; 0
      000200 3E                     558 	.db #0x3e	; 62
      000201 63                     559 	.db #0x63	; 99	'c'
      000202 7B                     560 	.db #0x7b	; 123
      000203 7B                     561 	.db #0x7b	; 123
      000204 7B                     562 	.db #0x7b	; 123
      000205 03                     563 	.db #0x03	; 3
      000206 1E                     564 	.db #0x1e	; 30
      000207 00                     565 	.db #0x00	; 0
      000208 0C                     566 	.db #0x0c	; 12
      000209 1E                     567 	.db #0x1e	; 30
      00020A 33                     568 	.db #0x33	; 51	'3'
      00020B 33                     569 	.db #0x33	; 51	'3'
      00020C 3F                     570 	.db #0x3f	; 63
      00020D 33                     571 	.db #0x33	; 51	'3'
      00020E 33                     572 	.db #0x33	; 51	'3'
      00020F 00                     573 	.db #0x00	; 0
      000210 3F                     574 	.db #0x3f	; 63
      000211 66                     575 	.db #0x66	; 102	'f'
      000212 66                     576 	.db #0x66	; 102	'f'
      000213 3E                     577 	.db #0x3e	; 62
      000214 66                     578 	.db #0x66	; 102	'f'
      000215 66                     579 	.db #0x66	; 102	'f'
      000216 3F                     580 	.db #0x3f	; 63
      000217 00                     581 	.db #0x00	; 0
      000218 3C                     582 	.db #0x3c	; 60
      000219 66                     583 	.db #0x66	; 102	'f'
      00021A 03                     584 	.db #0x03	; 3
      00021B 03                     585 	.db #0x03	; 3
      00021C 03                     586 	.db #0x03	; 3
      00021D 66                     587 	.db #0x66	; 102	'f'
      00021E 3C                     588 	.db #0x3c	; 60
      00021F 00                     589 	.db #0x00	; 0
      000220 1F                     590 	.db #0x1f	; 31
      000221 36                     591 	.db #0x36	; 54	'6'
      000222 66                     592 	.db #0x66	; 102	'f'
      000223 66                     593 	.db #0x66	; 102	'f'
      000224 66                     594 	.db #0x66	; 102	'f'
      000225 36                     595 	.db #0x36	; 54	'6'
      000226 1F                     596 	.db #0x1f	; 31
      000227 00                     597 	.db #0x00	; 0
      000228 7F                     598 	.db #0x7f	; 127
      000229 46                     599 	.db #0x46	; 70	'F'
      00022A 16                     600 	.db #0x16	; 22
      00022B 1E                     601 	.db #0x1e	; 30
      00022C 16                     602 	.db #0x16	; 22
      00022D 46                     603 	.db #0x46	; 70	'F'
      00022E 7F                     604 	.db #0x7f	; 127
      00022F 00                     605 	.db #0x00	; 0
      000230 7F                     606 	.db #0x7f	; 127
      000231 46                     607 	.db #0x46	; 70	'F'
      000232 16                     608 	.db #0x16	; 22
      000233 1E                     609 	.db #0x1e	; 30
      000234 16                     610 	.db #0x16	; 22
      000235 06                     611 	.db #0x06	; 6
      000236 0F                     612 	.db #0x0f	; 15
      000237 00                     613 	.db #0x00	; 0
      000238 3C                     614 	.db #0x3c	; 60
      000239 66                     615 	.db #0x66	; 102	'f'
      00023A 03                     616 	.db #0x03	; 3
      00023B 03                     617 	.db #0x03	; 3
      00023C 73                     618 	.db #0x73	; 115	's'
      00023D 66                     619 	.db #0x66	; 102	'f'
      00023E 7C                     620 	.db #0x7c	; 124
      00023F 00                     621 	.db #0x00	; 0
      000240 33                     622 	.db #0x33	; 51	'3'
      000241 33                     623 	.db #0x33	; 51	'3'
      000242 33                     624 	.db #0x33	; 51	'3'
      000243 3F                     625 	.db #0x3f	; 63
      000244 33                     626 	.db #0x33	; 51	'3'
      000245 33                     627 	.db #0x33	; 51	'3'
      000246 33                     628 	.db #0x33	; 51	'3'
      000247 00                     629 	.db #0x00	; 0
      000248 1E                     630 	.db #0x1e	; 30
      000249 0C                     631 	.db #0x0c	; 12
      00024A 0C                     632 	.db #0x0c	; 12
      00024B 0C                     633 	.db #0x0c	; 12
      00024C 0C                     634 	.db #0x0c	; 12
      00024D 0C                     635 	.db #0x0c	; 12
      00024E 1E                     636 	.db #0x1e	; 30
      00024F 00                     637 	.db #0x00	; 0
      000250 78                     638 	.db #0x78	; 120	'x'
      000251 30                     639 	.db #0x30	; 48	'0'
      000252 30                     640 	.db #0x30	; 48	'0'
      000253 30                     641 	.db #0x30	; 48	'0'
      000254 33                     642 	.db #0x33	; 51	'3'
      000255 33                     643 	.db #0x33	; 51	'3'
      000256 1E                     644 	.db #0x1e	; 30
      000257 00                     645 	.db #0x00	; 0
      000258 67                     646 	.db #0x67	; 103	'g'
      000259 66                     647 	.db #0x66	; 102	'f'
      00025A 36                     648 	.db #0x36	; 54	'6'
      00025B 1E                     649 	.db #0x1e	; 30
      00025C 36                     650 	.db #0x36	; 54	'6'
      00025D 66                     651 	.db #0x66	; 102	'f'
      00025E 67                     652 	.db #0x67	; 103	'g'
      00025F 00                     653 	.db #0x00	; 0
      000260 0F                     654 	.db #0x0f	; 15
      000261 06                     655 	.db #0x06	; 6
      000262 06                     656 	.db #0x06	; 6
      000263 06                     657 	.db #0x06	; 6
      000264 46                     658 	.db #0x46	; 70	'F'
      000265 66                     659 	.db #0x66	; 102	'f'
      000266 7F                     660 	.db #0x7f	; 127
      000267 00                     661 	.db #0x00	; 0
      000268 63                     662 	.db #0x63	; 99	'c'
      000269 77                     663 	.db #0x77	; 119	'w'
      00026A 7F                     664 	.db #0x7f	; 127
      00026B 7F                     665 	.db #0x7f	; 127
      00026C 6B                     666 	.db #0x6b	; 107	'k'
      00026D 63                     667 	.db #0x63	; 99	'c'
      00026E 63                     668 	.db #0x63	; 99	'c'
      00026F 00                     669 	.db #0x00	; 0
      000270 63                     670 	.db #0x63	; 99	'c'
      000271 67                     671 	.db #0x67	; 103	'g'
      000272 6F                     672 	.db #0x6f	; 111	'o'
      000273 7B                     673 	.db #0x7b	; 123
      000274 73                     674 	.db #0x73	; 115	's'
      000275 63                     675 	.db #0x63	; 99	'c'
      000276 63                     676 	.db #0x63	; 99	'c'
      000277 00                     677 	.db #0x00	; 0
      000278 1C                     678 	.db #0x1c	; 28
      000279 36                     679 	.db #0x36	; 54	'6'
      00027A 63                     680 	.db #0x63	; 99	'c'
      00027B 63                     681 	.db #0x63	; 99	'c'
      00027C 63                     682 	.db #0x63	; 99	'c'
      00027D 36                     683 	.db #0x36	; 54	'6'
      00027E 1C                     684 	.db #0x1c	; 28
      00027F 00                     685 	.db #0x00	; 0
      000280 3F                     686 	.db #0x3f	; 63
      000281 66                     687 	.db #0x66	; 102	'f'
      000282 66                     688 	.db #0x66	; 102	'f'
      000283 3E                     689 	.db #0x3e	; 62
      000284 06                     690 	.db #0x06	; 6
      000285 06                     691 	.db #0x06	; 6
      000286 0F                     692 	.db #0x0f	; 15
      000287 00                     693 	.db #0x00	; 0
      000288 1E                     694 	.db #0x1e	; 30
      000289 33                     695 	.db #0x33	; 51	'3'
      00028A 33                     696 	.db #0x33	; 51	'3'
      00028B 33                     697 	.db #0x33	; 51	'3'
      00028C 3B                     698 	.db #0x3b	; 59
      00028D 1E                     699 	.db #0x1e	; 30
      00028E 38                     700 	.db #0x38	; 56	'8'
      00028F 00                     701 	.db #0x00	; 0
      000290 3F                     702 	.db #0x3f	; 63
      000291 66                     703 	.db #0x66	; 102	'f'
      000292 66                     704 	.db #0x66	; 102	'f'
      000293 3E                     705 	.db #0x3e	; 62
      000294 36                     706 	.db #0x36	; 54	'6'
      000295 66                     707 	.db #0x66	; 102	'f'
      000296 67                     708 	.db #0x67	; 103	'g'
      000297 00                     709 	.db #0x00	; 0
      000298 1E                     710 	.db #0x1e	; 30
      000299 33                     711 	.db #0x33	; 51	'3'
      00029A 07                     712 	.db #0x07	; 7
      00029B 0E                     713 	.db #0x0e	; 14
      00029C 38                     714 	.db #0x38	; 56	'8'
      00029D 33                     715 	.db #0x33	; 51	'3'
      00029E 1E                     716 	.db #0x1e	; 30
      00029F 00                     717 	.db #0x00	; 0
      0002A0 3F                     718 	.db #0x3f	; 63
      0002A1 2D                     719 	.db #0x2d	; 45
      0002A2 0C                     720 	.db #0x0c	; 12
      0002A3 0C                     721 	.db #0x0c	; 12
      0002A4 0C                     722 	.db #0x0c	; 12
      0002A5 0C                     723 	.db #0x0c	; 12
      0002A6 1E                     724 	.db #0x1e	; 30
      0002A7 00                     725 	.db #0x00	; 0
      0002A8 33                     726 	.db #0x33	; 51	'3'
      0002A9 33                     727 	.db #0x33	; 51	'3'
      0002AA 33                     728 	.db #0x33	; 51	'3'
      0002AB 33                     729 	.db #0x33	; 51	'3'
      0002AC 33                     730 	.db #0x33	; 51	'3'
      0002AD 33                     731 	.db #0x33	; 51	'3'
      0002AE 3F                     732 	.db #0x3f	; 63
      0002AF 00                     733 	.db #0x00	; 0
      0002B0 33                     734 	.db #0x33	; 51	'3'
      0002B1 33                     735 	.db #0x33	; 51	'3'
      0002B2 33                     736 	.db #0x33	; 51	'3'
      0002B3 33                     737 	.db #0x33	; 51	'3'
      0002B4 33                     738 	.db #0x33	; 51	'3'
      0002B5 1E                     739 	.db #0x1e	; 30
      0002B6 0C                     740 	.db #0x0c	; 12
      0002B7 00                     741 	.db #0x00	; 0
      0002B8 63                     742 	.db #0x63	; 99	'c'
      0002B9 63                     743 	.db #0x63	; 99	'c'
      0002BA 63                     744 	.db #0x63	; 99	'c'
      0002BB 6B                     745 	.db #0x6b	; 107	'k'
      0002BC 7F                     746 	.db #0x7f	; 127
      0002BD 77                     747 	.db #0x77	; 119	'w'
      0002BE 63                     748 	.db #0x63	; 99	'c'
      0002BF 00                     749 	.db #0x00	; 0
      0002C0 63                     750 	.db #0x63	; 99	'c'
      0002C1 63                     751 	.db #0x63	; 99	'c'
      0002C2 36                     752 	.db #0x36	; 54	'6'
      0002C3 1C                     753 	.db #0x1c	; 28
      0002C4 1C                     754 	.db #0x1c	; 28
      0002C5 36                     755 	.db #0x36	; 54	'6'
      0002C6 63                     756 	.db #0x63	; 99	'c'
      0002C7 00                     757 	.db #0x00	; 0
      0002C8 33                     758 	.db #0x33	; 51	'3'
      0002C9 33                     759 	.db #0x33	; 51	'3'
      0002CA 33                     760 	.db #0x33	; 51	'3'
      0002CB 1E                     761 	.db #0x1e	; 30
      0002CC 0C                     762 	.db #0x0c	; 12
      0002CD 0C                     763 	.db #0x0c	; 12
      0002CE 1E                     764 	.db #0x1e	; 30
      0002CF 00                     765 	.db #0x00	; 0
      0002D0 7F                     766 	.db #0x7f	; 127
      0002D1 63                     767 	.db #0x63	; 99	'c'
      0002D2 31                     768 	.db #0x31	; 49	'1'
      0002D3 18                     769 	.db #0x18	; 24
      0002D4 4C                     770 	.db #0x4c	; 76	'L'
      0002D5 66                     771 	.db #0x66	; 102	'f'
      0002D6 7F                     772 	.db #0x7f	; 127
      0002D7 00                     773 	.db #0x00	; 0
      0002D8 1E                     774 	.db #0x1e	; 30
      0002D9 06                     775 	.db #0x06	; 6
      0002DA 06                     776 	.db #0x06	; 6
      0002DB 06                     777 	.db #0x06	; 6
      0002DC 06                     778 	.db #0x06	; 6
      0002DD 06                     779 	.db #0x06	; 6
      0002DE 1E                     780 	.db #0x1e	; 30
      0002DF 00                     781 	.db #0x00	; 0
      0002E0 03                     782 	.db #0x03	; 3
      0002E1 06                     783 	.db #0x06	; 6
      0002E2 0C                     784 	.db #0x0c	; 12
      0002E3 18                     785 	.db #0x18	; 24
      0002E4 30                     786 	.db #0x30	; 48	'0'
      0002E5 60                     787 	.db #0x60	; 96
      0002E6 40                     788 	.db #0x40	; 64
      0002E7 00                     789 	.db #0x00	; 0
      0002E8 1E                     790 	.db #0x1e	; 30
      0002E9 18                     791 	.db #0x18	; 24
      0002EA 18                     792 	.db #0x18	; 24
      0002EB 18                     793 	.db #0x18	; 24
      0002EC 18                     794 	.db #0x18	; 24
      0002ED 18                     795 	.db #0x18	; 24
      0002EE 1E                     796 	.db #0x1e	; 30
      0002EF 00                     797 	.db #0x00	; 0
      0002F0 08                     798 	.db #0x08	; 8
      0002F1 1C                     799 	.db #0x1c	; 28
      0002F2 36                     800 	.db #0x36	; 54	'6'
      0002F3 63                     801 	.db #0x63	; 99	'c'
      0002F4 00                     802 	.db #0x00	; 0
      0002F5 00                     803 	.db #0x00	; 0
      0002F6 00                     804 	.db #0x00	; 0
      0002F7 00                     805 	.db #0x00	; 0
      0002F8 00                     806 	.db #0x00	; 0
      0002F9 00                     807 	.db #0x00	; 0
      0002FA 00                     808 	.db #0x00	; 0
      0002FB 00                     809 	.db #0x00	; 0
      0002FC 00                     810 	.db #0x00	; 0
      0002FD 00                     811 	.db #0x00	; 0
      0002FE 00                     812 	.db #0x00	; 0
      0002FF FF                     813 	.db #0xff	; 255
      000300 0C                     814 	.db #0x0c	; 12
      000301 0C                     815 	.db #0x0c	; 12
      000302 18                     816 	.db #0x18	; 24
      000303 00                     817 	.db #0x00	; 0
      000304 00                     818 	.db #0x00	; 0
      000305 00                     819 	.db #0x00	; 0
      000306 00                     820 	.db #0x00	; 0
      000307 00                     821 	.db #0x00	; 0
      000308 00                     822 	.db #0x00	; 0
      000309 00                     823 	.db #0x00	; 0
      00030A 1E                     824 	.db #0x1e	; 30
      00030B 30                     825 	.db #0x30	; 48	'0'
      00030C 3E                     826 	.db #0x3e	; 62
      00030D 33                     827 	.db #0x33	; 51	'3'
      00030E 6E                     828 	.db #0x6e	; 110	'n'
      00030F 00                     829 	.db #0x00	; 0
      000310 07                     830 	.db #0x07	; 7
      000311 06                     831 	.db #0x06	; 6
      000312 06                     832 	.db #0x06	; 6
      000313 3E                     833 	.db #0x3e	; 62
      000314 66                     834 	.db #0x66	; 102	'f'
      000315 66                     835 	.db #0x66	; 102	'f'
      000316 3B                     836 	.db #0x3b	; 59
      000317 00                     837 	.db #0x00	; 0
      000318 00                     838 	.db #0x00	; 0
      000319 00                     839 	.db #0x00	; 0
      00031A 1E                     840 	.db #0x1e	; 30
      00031B 33                     841 	.db #0x33	; 51	'3'
      00031C 03                     842 	.db #0x03	; 3
      00031D 33                     843 	.db #0x33	; 51	'3'
      00031E 1E                     844 	.db #0x1e	; 30
      00031F 00                     845 	.db #0x00	; 0
      000320 38                     846 	.db #0x38	; 56	'8'
      000321 30                     847 	.db #0x30	; 48	'0'
      000322 30                     848 	.db #0x30	; 48	'0'
      000323 3E                     849 	.db #0x3e	; 62
      000324 33                     850 	.db #0x33	; 51	'3'
      000325 33                     851 	.db #0x33	; 51	'3'
      000326 6E                     852 	.db #0x6e	; 110	'n'
      000327 00                     853 	.db #0x00	; 0
      000328 00                     854 	.db #0x00	; 0
      000329 00                     855 	.db #0x00	; 0
      00032A 1E                     856 	.db #0x1e	; 30
      00032B 33                     857 	.db #0x33	; 51	'3'
      00032C 3F                     858 	.db #0x3f	; 63
      00032D 03                     859 	.db #0x03	; 3
      00032E 1E                     860 	.db #0x1e	; 30
      00032F 00                     861 	.db #0x00	; 0
      000330 1C                     862 	.db #0x1c	; 28
      000331 36                     863 	.db #0x36	; 54	'6'
      000332 06                     864 	.db #0x06	; 6
      000333 0F                     865 	.db #0x0f	; 15
      000334 06                     866 	.db #0x06	; 6
      000335 06                     867 	.db #0x06	; 6
      000336 0F                     868 	.db #0x0f	; 15
      000337 00                     869 	.db #0x00	; 0
      000338 00                     870 	.db #0x00	; 0
      000339 00                     871 	.db #0x00	; 0
      00033A 6E                     872 	.db #0x6e	; 110	'n'
      00033B 33                     873 	.db #0x33	; 51	'3'
      00033C 33                     874 	.db #0x33	; 51	'3'
      00033D 3E                     875 	.db #0x3e	; 62
      00033E 30                     876 	.db #0x30	; 48	'0'
      00033F 1F                     877 	.db #0x1f	; 31
      000340 07                     878 	.db #0x07	; 7
      000341 06                     879 	.db #0x06	; 6
      000342 36                     880 	.db #0x36	; 54	'6'
      000343 6E                     881 	.db #0x6e	; 110	'n'
      000344 66                     882 	.db #0x66	; 102	'f'
      000345 66                     883 	.db #0x66	; 102	'f'
      000346 67                     884 	.db #0x67	; 103	'g'
      000347 00                     885 	.db #0x00	; 0
      000348 0C                     886 	.db #0x0c	; 12
      000349 00                     887 	.db #0x00	; 0
      00034A 0E                     888 	.db #0x0e	; 14
      00034B 0C                     889 	.db #0x0c	; 12
      00034C 0C                     890 	.db #0x0c	; 12
      00034D 0C                     891 	.db #0x0c	; 12
      00034E 1E                     892 	.db #0x1e	; 30
      00034F 00                     893 	.db #0x00	; 0
      000350 30                     894 	.db #0x30	; 48	'0'
      000351 00                     895 	.db #0x00	; 0
      000352 30                     896 	.db #0x30	; 48	'0'
      000353 30                     897 	.db #0x30	; 48	'0'
      000354 30                     898 	.db #0x30	; 48	'0'
      000355 33                     899 	.db #0x33	; 51	'3'
      000356 33                     900 	.db #0x33	; 51	'3'
      000357 1E                     901 	.db #0x1e	; 30
      000358 07                     902 	.db #0x07	; 7
      000359 06                     903 	.db #0x06	; 6
      00035A 66                     904 	.db #0x66	; 102	'f'
      00035B 36                     905 	.db #0x36	; 54	'6'
      00035C 1E                     906 	.db #0x1e	; 30
      00035D 36                     907 	.db #0x36	; 54	'6'
      00035E 67                     908 	.db #0x67	; 103	'g'
      00035F 00                     909 	.db #0x00	; 0
      000360 0E                     910 	.db #0x0e	; 14
      000361 0C                     911 	.db #0x0c	; 12
      000362 0C                     912 	.db #0x0c	; 12
      000363 0C                     913 	.db #0x0c	; 12
      000364 0C                     914 	.db #0x0c	; 12
      000365 0C                     915 	.db #0x0c	; 12
      000366 1E                     916 	.db #0x1e	; 30
      000367 00                     917 	.db #0x00	; 0
      000368 00                     918 	.db #0x00	; 0
      000369 00                     919 	.db #0x00	; 0
      00036A 33                     920 	.db #0x33	; 51	'3'
      00036B 7F                     921 	.db #0x7f	; 127
      00036C 7F                     922 	.db #0x7f	; 127
      00036D 6B                     923 	.db #0x6b	; 107	'k'
      00036E 63                     924 	.db #0x63	; 99	'c'
      00036F 00                     925 	.db #0x00	; 0
      000370 00                     926 	.db #0x00	; 0
      000371 00                     927 	.db #0x00	; 0
      000372 1F                     928 	.db #0x1f	; 31
      000373 33                     929 	.db #0x33	; 51	'3'
      000374 33                     930 	.db #0x33	; 51	'3'
      000375 33                     931 	.db #0x33	; 51	'3'
      000376 33                     932 	.db #0x33	; 51	'3'
      000377 00                     933 	.db #0x00	; 0
      000378 00                     934 	.db #0x00	; 0
      000379 00                     935 	.db #0x00	; 0
      00037A 1E                     936 	.db #0x1e	; 30
      00037B 33                     937 	.db #0x33	; 51	'3'
      00037C 33                     938 	.db #0x33	; 51	'3'
      00037D 33                     939 	.db #0x33	; 51	'3'
      00037E 1E                     940 	.db #0x1e	; 30
      00037F 00                     941 	.db #0x00	; 0
      000380 00                     942 	.db #0x00	; 0
      000381 00                     943 	.db #0x00	; 0
      000382 3B                     944 	.db #0x3b	; 59
      000383 66                     945 	.db #0x66	; 102	'f'
      000384 66                     946 	.db #0x66	; 102	'f'
      000385 3E                     947 	.db #0x3e	; 62
      000386 06                     948 	.db #0x06	; 6
      000387 0F                     949 	.db #0x0f	; 15
      000388 00                     950 	.db #0x00	; 0
      000389 00                     951 	.db #0x00	; 0
      00038A 6E                     952 	.db #0x6e	; 110	'n'
      00038B 33                     953 	.db #0x33	; 51	'3'
      00038C 33                     954 	.db #0x33	; 51	'3'
      00038D 3E                     955 	.db #0x3e	; 62
      00038E 30                     956 	.db #0x30	; 48	'0'
      00038F 78                     957 	.db #0x78	; 120	'x'
      000390 00                     958 	.db #0x00	; 0
      000391 00                     959 	.db #0x00	; 0
      000392 3B                     960 	.db #0x3b	; 59
      000393 6E                     961 	.db #0x6e	; 110	'n'
      000394 66                     962 	.db #0x66	; 102	'f'
      000395 06                     963 	.db #0x06	; 6
      000396 0F                     964 	.db #0x0f	; 15
      000397 00                     965 	.db #0x00	; 0
      000398 00                     966 	.db #0x00	; 0
      000399 00                     967 	.db #0x00	; 0
      00039A 3E                     968 	.db #0x3e	; 62
      00039B 03                     969 	.db #0x03	; 3
      00039C 1E                     970 	.db #0x1e	; 30
      00039D 30                     971 	.db #0x30	; 48	'0'
      00039E 1F                     972 	.db #0x1f	; 31
      00039F 00                     973 	.db #0x00	; 0
      0003A0 08                     974 	.db #0x08	; 8
      0003A1 0C                     975 	.db #0x0c	; 12
      0003A2 3E                     976 	.db #0x3e	; 62
      0003A3 0C                     977 	.db #0x0c	; 12
      0003A4 0C                     978 	.db #0x0c	; 12
      0003A5 2C                     979 	.db #0x2c	; 44
      0003A6 18                     980 	.db #0x18	; 24
      0003A7 00                     981 	.db #0x00	; 0
      0003A8 00                     982 	.db #0x00	; 0
      0003A9 00                     983 	.db #0x00	; 0
      0003AA 33                     984 	.db #0x33	; 51	'3'
      0003AB 33                     985 	.db #0x33	; 51	'3'
      0003AC 33                     986 	.db #0x33	; 51	'3'
      0003AD 33                     987 	.db #0x33	; 51	'3'
      0003AE 6E                     988 	.db #0x6e	; 110	'n'
      0003AF 00                     989 	.db #0x00	; 0
      0003B0 00                     990 	.db #0x00	; 0
      0003B1 00                     991 	.db #0x00	; 0
      0003B2 33                     992 	.db #0x33	; 51	'3'
      0003B3 33                     993 	.db #0x33	; 51	'3'
      0003B4 33                     994 	.db #0x33	; 51	'3'
      0003B5 1E                     995 	.db #0x1e	; 30
      0003B6 0C                     996 	.db #0x0c	; 12
      0003B7 00                     997 	.db #0x00	; 0
      0003B8 00                     998 	.db #0x00	; 0
      0003B9 00                     999 	.db #0x00	; 0
      0003BA 63                    1000 	.db #0x63	; 99	'c'
      0003BB 6B                    1001 	.db #0x6b	; 107	'k'
      0003BC 7F                    1002 	.db #0x7f	; 127
      0003BD 7F                    1003 	.db #0x7f	; 127
      0003BE 36                    1004 	.db #0x36	; 54	'6'
      0003BF 00                    1005 	.db #0x00	; 0
      0003C0 00                    1006 	.db #0x00	; 0
      0003C1 00                    1007 	.db #0x00	; 0
      0003C2 63                    1008 	.db #0x63	; 99	'c'
      0003C3 36                    1009 	.db #0x36	; 54	'6'
      0003C4 1C                    1010 	.db #0x1c	; 28
      0003C5 36                    1011 	.db #0x36	; 54	'6'
      0003C6 63                    1012 	.db #0x63	; 99	'c'
      0003C7 00                    1013 	.db #0x00	; 0
      0003C8 00                    1014 	.db #0x00	; 0
      0003C9 00                    1015 	.db #0x00	; 0
      0003CA 33                    1016 	.db #0x33	; 51	'3'
      0003CB 33                    1017 	.db #0x33	; 51	'3'
      0003CC 33                    1018 	.db #0x33	; 51	'3'
      0003CD 3E                    1019 	.db #0x3e	; 62
      0003CE 30                    1020 	.db #0x30	; 48	'0'
      0003CF 1F                    1021 	.db #0x1f	; 31
      0003D0 00                    1022 	.db #0x00	; 0
      0003D1 00                    1023 	.db #0x00	; 0
      0003D2 3F                    1024 	.db #0x3f	; 63
      0003D3 19                    1025 	.db #0x19	; 25
      0003D4 0C                    1026 	.db #0x0c	; 12
      0003D5 26                    1027 	.db #0x26	; 38
      0003D6 3F                    1028 	.db #0x3f	; 63
      0003D7 00                    1029 	.db #0x00	; 0
      0003D8 38                    1030 	.db #0x38	; 56	'8'
      0003D9 0C                    1031 	.db #0x0c	; 12
      0003DA 0C                    1032 	.db #0x0c	; 12
      0003DB 07                    1033 	.db #0x07	; 7
      0003DC 0C                    1034 	.db #0x0c	; 12
      0003DD 0C                    1035 	.db #0x0c	; 12
      0003DE 38                    1036 	.db #0x38	; 56	'8'
      0003DF 00                    1037 	.db #0x00	; 0
      0003E0 18                    1038 	.db #0x18	; 24
      0003E1 18                    1039 	.db #0x18	; 24
      0003E2 18                    1040 	.db #0x18	; 24
      0003E3 00                    1041 	.db #0x00	; 0
      0003E4 18                    1042 	.db #0x18	; 24
      0003E5 18                    1043 	.db #0x18	; 24
      0003E6 18                    1044 	.db #0x18	; 24
      0003E7 00                    1045 	.db #0x00	; 0
      0003E8 07                    1046 	.db #0x07	; 7
      0003E9 0C                    1047 	.db #0x0c	; 12
      0003EA 0C                    1048 	.db #0x0c	; 12
      0003EB 38                    1049 	.db #0x38	; 56	'8'
      0003EC 0C                    1050 	.db #0x0c	; 12
      0003ED 0C                    1051 	.db #0x0c	; 12
      0003EE 07                    1052 	.db #0x07	; 7
      0003EF 00                    1053 	.db #0x00	; 0
      0003F0 6E                    1054 	.db #0x6e	; 110	'n'
      0003F1 3B                    1055 	.db #0x3b	; 59
      0003F2 00                    1056 	.db #0x00	; 0
      0003F3 00                    1057 	.db #0x00	; 0
      0003F4 00                    1058 	.db #0x00	; 0
      0003F5 00                    1059 	.db #0x00	; 0
      0003F6 00                    1060 	.db #0x00	; 0
      0003F7 00                    1061 	.db #0x00	; 0
      0003F8 00                    1062 	.db #0x00	; 0
      0003F9 00                    1063 	.db #0x00	; 0
      0003FA 00                    1064 	.db #0x00	; 0
      0003FB 00                    1065 	.db #0x00	; 0
      0003FC 00                    1066 	.db #0x00	; 0
      0003FD 00                    1067 	.db #0x00	; 0
      0003FE 00                    1068 	.db #0x00	; 0
      0003FF 00                    1069 	.db #0x00	; 0
      000400                       1070 _FontOG:
      000400 00                    1071 	.db #0x00	; 0
      000401 00                    1072 	.db #0x00	; 0
      000402 00                    1073 	.db #0x00	; 0
      000403 00                    1074 	.db #0x00	; 0
      000404 00                    1075 	.db #0x00	; 0
      000405 00                    1076 	.db #0x00	; 0
      000406 00                    1077 	.db #0x00	; 0
      000407 00                    1078 	.db #0x00	; 0
      000408 00                    1079 	.db #0x00	; 0
      000409 00                    1080 	.db #0x00	; 0
      00040A 00                    1081 	.db #0x00	; 0
      00040B 00                    1082 	.db #0x00	; 0
      00040C 00                    1083 	.db #0x00	; 0
      00040D 00                    1084 	.db #0x00	; 0
      00040E 00                    1085 	.db #0x00	; 0
      00040F 00                    1086 	.db #0x00	; 0
      000410 7C                    1087 	.db #0x7c	; 124
      000411 7C                    1088 	.db #0x7c	; 124
      000412 86                    1089 	.db #0x86	; 134
      000413 86                    1090 	.db #0x86	; 134
      000414 8A                    1091 	.db #0x8a	; 138
      000415 8A                    1092 	.db #0x8a	; 138
      000416 92                    1093 	.db #0x92	; 146
      000417 92                    1094 	.db #0x92	; 146
      000418 A2                    1095 	.db #0xa2	; 162
      000419 A2                    1096 	.db #0xa2	; 162
      00041A C2                    1097 	.db #0xc2	; 194
      00041B C2                    1098 	.db #0xc2	; 194
      00041C 7C                    1099 	.db #0x7c	; 124
      00041D 7C                    1100 	.db #0x7c	; 124
      00041E 00                    1101 	.db #0x00	; 0
      00041F 00                    1102 	.db #0x00	; 0
      000420 10                    1103 	.db #0x10	; 16
      000421 10                    1104 	.db #0x10	; 16
      000422 30                    1105 	.db #0x30	; 48	'0'
      000423 30                    1106 	.db #0x30	; 48	'0'
      000424 10                    1107 	.db #0x10	; 16
      000425 10                    1108 	.db #0x10	; 16
      000426 10                    1109 	.db #0x10	; 16
      000427 10                    1110 	.db #0x10	; 16
      000428 10                    1111 	.db #0x10	; 16
      000429 10                    1112 	.db #0x10	; 16
      00042A 10                    1113 	.db #0x10	; 16
      00042B 10                    1114 	.db #0x10	; 16
      00042C 7C                    1115 	.db #0x7c	; 124
      00042D 7C                    1116 	.db #0x7c	; 124
      00042E 00                    1117 	.db #0x00	; 0
      00042F 00                    1118 	.db #0x00	; 0
      000430 7C                    1119 	.db #0x7c	; 124
      000431 7C                    1120 	.db #0x7c	; 124
      000432 82                    1121 	.db #0x82	; 130
      000433 82                    1122 	.db #0x82	; 130
      000434 02                    1123 	.db #0x02	; 2
      000435 02                    1124 	.db #0x02	; 2
      000436 1C                    1125 	.db #0x1c	; 28
      000437 1C                    1126 	.db #0x1c	; 28
      000438 60                    1127 	.db #0x60	; 96
      000439 60                    1128 	.db #0x60	; 96
      00043A 80                    1129 	.db #0x80	; 128
      00043B 80                    1130 	.db #0x80	; 128
      00043C FE                    1131 	.db #0xfe	; 254
      00043D FE                    1132 	.db #0xfe	; 254
      00043E 00                    1133 	.db #0x00	; 0
      00043F 00                    1134 	.db #0x00	; 0
      000440 FE                    1135 	.db #0xfe	; 254
      000441 FE                    1136 	.db #0xfe	; 254
      000442 04                    1137 	.db #0x04	; 4
      000443 04                    1138 	.db #0x04	; 4
      000444 18                    1139 	.db #0x18	; 24
      000445 18                    1140 	.db #0x18	; 24
      000446 04                    1141 	.db #0x04	; 4
      000447 04                    1142 	.db #0x04	; 4
      000448 02                    1143 	.db #0x02	; 2
      000449 02                    1144 	.db #0x02	; 2
      00044A 82                    1145 	.db #0x82	; 130
      00044B 82                    1146 	.db #0x82	; 130
      00044C 7C                    1147 	.db #0x7c	; 124
      00044D 7C                    1148 	.db #0x7c	; 124
      00044E 00                    1149 	.db #0x00	; 0
      00044F 00                    1150 	.db #0x00	; 0
      000450 0C                    1151 	.db #0x0c	; 12
      000451 0C                    1152 	.db #0x0c	; 12
      000452 14                    1153 	.db #0x14	; 20
      000453 14                    1154 	.db #0x14	; 20
      000454 24                    1155 	.db #0x24	; 36
      000455 24                    1156 	.db #0x24	; 36
      000456 44                    1157 	.db #0x44	; 68	'D'
      000457 44                    1158 	.db #0x44	; 68	'D'
      000458 84                    1159 	.db #0x84	; 132
      000459 84                    1160 	.db #0x84	; 132
      00045A FE                    1161 	.db #0xfe	; 254
      00045B FE                    1162 	.db #0xfe	; 254
      00045C 04                    1163 	.db #0x04	; 4
      00045D 04                    1164 	.db #0x04	; 4
      00045E 00                    1165 	.db #0x00	; 0
      00045F 00                    1166 	.db #0x00	; 0
      000460 FC                    1167 	.db #0xfc	; 252
      000461 FC                    1168 	.db #0xfc	; 252
      000462 80                    1169 	.db #0x80	; 128
      000463 80                    1170 	.db #0x80	; 128
      000464 FC                    1171 	.db #0xfc	; 252
      000465 FC                    1172 	.db #0xfc	; 252
      000466 02                    1173 	.db #0x02	; 2
      000467 02                    1174 	.db #0x02	; 2
      000468 02                    1175 	.db #0x02	; 2
      000469 02                    1176 	.db #0x02	; 2
      00046A 82                    1177 	.db #0x82	; 130
      00046B 82                    1178 	.db #0x82	; 130
      00046C 7C                    1179 	.db #0x7c	; 124
      00046D 7C                    1180 	.db #0x7c	; 124
      00046E 00                    1181 	.db #0x00	; 0
      00046F 00                    1182 	.db #0x00	; 0
      000470 7C                    1183 	.db #0x7c	; 124
      000471 7C                    1184 	.db #0x7c	; 124
      000472 80                    1185 	.db #0x80	; 128
      000473 80                    1186 	.db #0x80	; 128
      000474 80                    1187 	.db #0x80	; 128
      000475 80                    1188 	.db #0x80	; 128
      000476 FC                    1189 	.db #0xfc	; 252
      000477 FC                    1190 	.db #0xfc	; 252
      000478 82                    1191 	.db #0x82	; 130
      000479 82                    1192 	.db #0x82	; 130
      00047A 82                    1193 	.db #0x82	; 130
      00047B 82                    1194 	.db #0x82	; 130
      00047C 7C                    1195 	.db #0x7c	; 124
      00047D 7C                    1196 	.db #0x7c	; 124
      00047E 00                    1197 	.db #0x00	; 0
      00047F 00                    1198 	.db #0x00	; 0
      000480 FE                    1199 	.db #0xfe	; 254
      000481 FE                    1200 	.db #0xfe	; 254
      000482 82                    1201 	.db #0x82	; 130
      000483 82                    1202 	.db #0x82	; 130
      000484 04                    1203 	.db #0x04	; 4
      000485 04                    1204 	.db #0x04	; 4
      000486 08                    1205 	.db #0x08	; 8
      000487 08                    1206 	.db #0x08	; 8
      000488 10                    1207 	.db #0x10	; 16
      000489 10                    1208 	.db #0x10	; 16
      00048A 10                    1209 	.db #0x10	; 16
      00048B 10                    1210 	.db #0x10	; 16
      00048C 10                    1211 	.db #0x10	; 16
      00048D 10                    1212 	.db #0x10	; 16
      00048E 00                    1213 	.db #0x00	; 0
      00048F 00                    1214 	.db #0x00	; 0
      000490 7C                    1215 	.db #0x7c	; 124
      000491 7C                    1216 	.db #0x7c	; 124
      000492 82                    1217 	.db #0x82	; 130
      000493 82                    1218 	.db #0x82	; 130
      000494 82                    1219 	.db #0x82	; 130
      000495 82                    1220 	.db #0x82	; 130
      000496 7C                    1221 	.db #0x7c	; 124
      000497 7C                    1222 	.db #0x7c	; 124
      000498 82                    1223 	.db #0x82	; 130
      000499 82                    1224 	.db #0x82	; 130
      00049A 82                    1225 	.db #0x82	; 130
      00049B 82                    1226 	.db #0x82	; 130
      00049C 7C                    1227 	.db #0x7c	; 124
      00049D 7C                    1228 	.db #0x7c	; 124
      00049E 00                    1229 	.db #0x00	; 0
      00049F 00                    1230 	.db #0x00	; 0
      0004A0 7C                    1231 	.db #0x7c	; 124
      0004A1 7C                    1232 	.db #0x7c	; 124
      0004A2 82                    1233 	.db #0x82	; 130
      0004A3 82                    1234 	.db #0x82	; 130
      0004A4 82                    1235 	.db #0x82	; 130
      0004A5 82                    1236 	.db #0x82	; 130
      0004A6 7E                    1237 	.db #0x7e	; 126
      0004A7 7E                    1238 	.db #0x7e	; 126
      0004A8 02                    1239 	.db #0x02	; 2
      0004A9 02                    1240 	.db #0x02	; 2
      0004AA 02                    1241 	.db #0x02	; 2
      0004AB 02                    1242 	.db #0x02	; 2
      0004AC 7C                    1243 	.db #0x7c	; 124
      0004AD 7C                    1244 	.db #0x7c	; 124
      0004AE 00                    1245 	.db #0x00	; 0
      0004AF 00                    1246 	.db #0x00	; 0
      0004B0 00                    1247 	.db #0x00	; 0
      0004B1 38                    1248 	.db #0x38	; 56	'8'
      0004B2 00                    1249 	.db #0x00	; 0
      0004B3 44                    1250 	.db #0x44	; 68	'D'
      0004B4 00                    1251 	.db #0x00	; 0
      0004B5 82                    1252 	.db #0x82	; 130
      0004B6 00                    1253 	.db #0x00	; 0
      0004B7 82                    1254 	.db #0x82	; 130
      0004B8 00                    1255 	.db #0x00	; 0
      0004B9 FE                    1256 	.db #0xfe	; 254
      0004BA 00                    1257 	.db #0x00	; 0
      0004BB 82                    1258 	.db #0x82	; 130
      0004BC 00                    1259 	.db #0x00	; 0
      0004BD 82                    1260 	.db #0x82	; 130
      0004BE 00                    1261 	.db #0x00	; 0
      0004BF 00                    1262 	.db #0x00	; 0
      0004C0 00                    1263 	.db #0x00	; 0
      0004C1 FC                    1264 	.db #0xfc	; 252
      0004C2 00                    1265 	.db #0x00	; 0
      0004C3 82                    1266 	.db #0x82	; 130
      0004C4 00                    1267 	.db #0x00	; 0
      0004C5 82                    1268 	.db #0x82	; 130
      0004C6 00                    1269 	.db #0x00	; 0
      0004C7 FC                    1270 	.db #0xfc	; 252
      0004C8 00                    1271 	.db #0x00	; 0
      0004C9 82                    1272 	.db #0x82	; 130
      0004CA 00                    1273 	.db #0x00	; 0
      0004CB 82                    1274 	.db #0x82	; 130
      0004CC 00                    1275 	.db #0x00	; 0
      0004CD FC                    1276 	.db #0xfc	; 252
      0004CE 00                    1277 	.db #0x00	; 0
      0004CF 00                    1278 	.db #0x00	; 0
      0004D0 00                    1279 	.db #0x00	; 0
      0004D1 7C                    1280 	.db #0x7c	; 124
      0004D2 00                    1281 	.db #0x00	; 0
      0004D3 82                    1282 	.db #0x82	; 130
      0004D4 00                    1283 	.db #0x00	; 0
      0004D5 80                    1284 	.db #0x80	; 128
      0004D6 00                    1285 	.db #0x00	; 0
      0004D7 80                    1286 	.db #0x80	; 128
      0004D8 00                    1287 	.db #0x00	; 0
      0004D9 80                    1288 	.db #0x80	; 128
      0004DA 00                    1289 	.db #0x00	; 0
      0004DB 82                    1290 	.db #0x82	; 130
      0004DC 00                    1291 	.db #0x00	; 0
      0004DD 7C                    1292 	.db #0x7c	; 124
      0004DE 00                    1293 	.db #0x00	; 0
      0004DF 00                    1294 	.db #0x00	; 0
      0004E0 00                    1295 	.db #0x00	; 0
      0004E1 F8                    1296 	.db #0xf8	; 248
      0004E2 00                    1297 	.db #0x00	; 0
      0004E3 84                    1298 	.db #0x84	; 132
      0004E4 00                    1299 	.db #0x00	; 0
      0004E5 82                    1300 	.db #0x82	; 130
      0004E6 00                    1301 	.db #0x00	; 0
      0004E7 82                    1302 	.db #0x82	; 130
      0004E8 00                    1303 	.db #0x00	; 0
      0004E9 82                    1304 	.db #0x82	; 130
      0004EA 00                    1305 	.db #0x00	; 0
      0004EB 84                    1306 	.db #0x84	; 132
      0004EC 00                    1307 	.db #0x00	; 0
      0004ED F8                    1308 	.db #0xf8	; 248
      0004EE 00                    1309 	.db #0x00	; 0
      0004EF 00                    1310 	.db #0x00	; 0
      0004F0 00                    1311 	.db #0x00	; 0
      0004F1 FE                    1312 	.db #0xfe	; 254
      0004F2 00                    1313 	.db #0x00	; 0
      0004F3 80                    1314 	.db #0x80	; 128
      0004F4 00                    1315 	.db #0x00	; 0
      0004F5 80                    1316 	.db #0x80	; 128
      0004F6 00                    1317 	.db #0x00	; 0
      0004F7 FC                    1318 	.db #0xfc	; 252
      0004F8 00                    1319 	.db #0x00	; 0
      0004F9 80                    1320 	.db #0x80	; 128
      0004FA 00                    1321 	.db #0x00	; 0
      0004FB 80                    1322 	.db #0x80	; 128
      0004FC 00                    1323 	.db #0x00	; 0
      0004FD FE                    1324 	.db #0xfe	; 254
      0004FE 00                    1325 	.db #0x00	; 0
      0004FF 00                    1326 	.db #0x00	; 0
      000500 00                    1327 	.db #0x00	; 0
      000501 FE                    1328 	.db #0xfe	; 254
      000502 00                    1329 	.db #0x00	; 0
      000503 80                    1330 	.db #0x80	; 128
      000504 00                    1331 	.db #0x00	; 0
      000505 80                    1332 	.db #0x80	; 128
      000506 00                    1333 	.db #0x00	; 0
      000507 FC                    1334 	.db #0xfc	; 252
      000508 00                    1335 	.db #0x00	; 0
      000509 80                    1336 	.db #0x80	; 128
      00050A 00                    1337 	.db #0x00	; 0
      00050B 80                    1338 	.db #0x80	; 128
      00050C 00                    1339 	.db #0x00	; 0
      00050D 80                    1340 	.db #0x80	; 128
      00050E 00                    1341 	.db #0x00	; 0
      00050F 00                    1342 	.db #0x00	; 0
      000510 00                    1343 	.db #0x00	; 0
      000511 7C                    1344 	.db #0x7c	; 124
      000512 00                    1345 	.db #0x00	; 0
      000513 82                    1346 	.db #0x82	; 130
      000514 00                    1347 	.db #0x00	; 0
      000515 80                    1348 	.db #0x80	; 128
      000516 00                    1349 	.db #0x00	; 0
      000517 80                    1350 	.db #0x80	; 128
      000518 00                    1351 	.db #0x00	; 0
      000519 8E                    1352 	.db #0x8e	; 142
      00051A 00                    1353 	.db #0x00	; 0
      00051B 82                    1354 	.db #0x82	; 130
      00051C 00                    1355 	.db #0x00	; 0
      00051D 7E                    1356 	.db #0x7e	; 126
      00051E 00                    1357 	.db #0x00	; 0
      00051F 00                    1358 	.db #0x00	; 0
      000520 00                    1359 	.db #0x00	; 0
      000521 82                    1360 	.db #0x82	; 130
      000522 00                    1361 	.db #0x00	; 0
      000523 82                    1362 	.db #0x82	; 130
      000524 00                    1363 	.db #0x00	; 0
      000525 82                    1364 	.db #0x82	; 130
      000526 00                    1365 	.db #0x00	; 0
      000527 FE                    1366 	.db #0xfe	; 254
      000528 00                    1367 	.db #0x00	; 0
      000529 82                    1368 	.db #0x82	; 130
      00052A 00                    1369 	.db #0x00	; 0
      00052B 82                    1370 	.db #0x82	; 130
      00052C 00                    1371 	.db #0x00	; 0
      00052D 82                    1372 	.db #0x82	; 130
      00052E 00                    1373 	.db #0x00	; 0
      00052F 00                    1374 	.db #0x00	; 0
      000530 00                    1375 	.db #0x00	; 0
      000531 7C                    1376 	.db #0x7c	; 124
      000532 00                    1377 	.db #0x00	; 0
      000533 10                    1378 	.db #0x10	; 16
      000534 00                    1379 	.db #0x00	; 0
      000535 10                    1380 	.db #0x10	; 16
      000536 00                    1381 	.db #0x00	; 0
      000537 10                    1382 	.db #0x10	; 16
      000538 00                    1383 	.db #0x00	; 0
      000539 10                    1384 	.db #0x10	; 16
      00053A 00                    1385 	.db #0x00	; 0
      00053B 10                    1386 	.db #0x10	; 16
      00053C 00                    1387 	.db #0x00	; 0
      00053D 7C                    1388 	.db #0x7c	; 124
      00053E 00                    1389 	.db #0x00	; 0
      00053F 00                    1390 	.db #0x00	; 0
      000540 00                    1391 	.db #0x00	; 0
      000541 1E                    1392 	.db #0x1e	; 30
      000542 00                    1393 	.db #0x00	; 0
      000543 04                    1394 	.db #0x04	; 4
      000544 00                    1395 	.db #0x00	; 0
      000545 04                    1396 	.db #0x04	; 4
      000546 00                    1397 	.db #0x00	; 0
      000547 04                    1398 	.db #0x04	; 4
      000548 00                    1399 	.db #0x00	; 0
      000549 04                    1400 	.db #0x04	; 4
      00054A 00                    1401 	.db #0x00	; 0
      00054B 84                    1402 	.db #0x84	; 132
      00054C 00                    1403 	.db #0x00	; 0
      00054D 78                    1404 	.db #0x78	; 120	'x'
      00054E 00                    1405 	.db #0x00	; 0
      00054F 00                    1406 	.db #0x00	; 0
      000550 00                    1407 	.db #0x00	; 0
      000551 84                    1408 	.db #0x84	; 132
      000552 00                    1409 	.db #0x00	; 0
      000553 88                    1410 	.db #0x88	; 136
      000554 00                    1411 	.db #0x00	; 0
      000555 90                    1412 	.db #0x90	; 144
      000556 00                    1413 	.db #0x00	; 0
      000557 F0                    1414 	.db #0xf0	; 240
      000558 00                    1415 	.db #0x00	; 0
      000559 88                    1416 	.db #0x88	; 136
      00055A 00                    1417 	.db #0x00	; 0
      00055B 84                    1418 	.db #0x84	; 132
      00055C 00                    1419 	.db #0x00	; 0
      00055D 82                    1420 	.db #0x82	; 130
      00055E 00                    1421 	.db #0x00	; 0
      00055F 00                    1422 	.db #0x00	; 0
      000560 00                    1423 	.db #0x00	; 0
      000561 40                    1424 	.db #0x40	; 64
      000562 00                    1425 	.db #0x00	; 0
      000563 40                    1426 	.db #0x40	; 64
      000564 00                    1427 	.db #0x00	; 0
      000565 40                    1428 	.db #0x40	; 64
      000566 00                    1429 	.db #0x00	; 0
      000567 40                    1430 	.db #0x40	; 64
      000568 00                    1431 	.db #0x00	; 0
      000569 40                    1432 	.db #0x40	; 64
      00056A 00                    1433 	.db #0x00	; 0
      00056B 40                    1434 	.db #0x40	; 64
      00056C 00                    1435 	.db #0x00	; 0
      00056D 7E                    1436 	.db #0x7e	; 126
      00056E 00                    1437 	.db #0x00	; 0
      00056F 00                    1438 	.db #0x00	; 0
      000570 00                    1439 	.db #0x00	; 0
      000571 82                    1440 	.db #0x82	; 130
      000572 00                    1441 	.db #0x00	; 0
      000573 C6                    1442 	.db #0xc6	; 198
      000574 00                    1443 	.db #0x00	; 0
      000575 AA                    1444 	.db #0xaa	; 170
      000576 00                    1445 	.db #0x00	; 0
      000577 92                    1446 	.db #0x92	; 146
      000578 00                    1447 	.db #0x00	; 0
      000579 82                    1448 	.db #0x82	; 130
      00057A 00                    1449 	.db #0x00	; 0
      00057B 82                    1450 	.db #0x82	; 130
      00057C 00                    1451 	.db #0x00	; 0
      00057D 82                    1452 	.db #0x82	; 130
      00057E 00                    1453 	.db #0x00	; 0
      00057F 00                    1454 	.db #0x00	; 0
      000580 00                    1455 	.db #0x00	; 0
      000581 82                    1456 	.db #0x82	; 130
      000582 00                    1457 	.db #0x00	; 0
      000583 C2                    1458 	.db #0xc2	; 194
      000584 00                    1459 	.db #0x00	; 0
      000585 A2                    1460 	.db #0xa2	; 162
      000586 00                    1461 	.db #0x00	; 0
      000587 92                    1462 	.db #0x92	; 146
      000588 00                    1463 	.db #0x00	; 0
      000589 8A                    1464 	.db #0x8a	; 138
      00058A 00                    1465 	.db #0x00	; 0
      00058B 86                    1466 	.db #0x86	; 134
      00058C 00                    1467 	.db #0x00	; 0
      00058D 82                    1468 	.db #0x82	; 130
      00058E 00                    1469 	.db #0x00	; 0
      00058F 00                    1470 	.db #0x00	; 0
      000590 00                    1471 	.db #0x00	; 0
      000591 7C                    1472 	.db #0x7c	; 124
      000592 00                    1473 	.db #0x00	; 0
      000593 82                    1474 	.db #0x82	; 130
      000594 00                    1475 	.db #0x00	; 0
      000595 82                    1476 	.db #0x82	; 130
      000596 00                    1477 	.db #0x00	; 0
      000597 82                    1478 	.db #0x82	; 130
      000598 00                    1479 	.db #0x00	; 0
      000599 82                    1480 	.db #0x82	; 130
      00059A 00                    1481 	.db #0x00	; 0
      00059B 82                    1482 	.db #0x82	; 130
      00059C 00                    1483 	.db #0x00	; 0
      00059D 7C                    1484 	.db #0x7c	; 124
      00059E 00                    1485 	.db #0x00	; 0
      00059F 00                    1486 	.db #0x00	; 0
      0005A0 00                    1487 	.db #0x00	; 0
      0005A1 FC                    1488 	.db #0xfc	; 252
      0005A2 00                    1489 	.db #0x00	; 0
      0005A3 82                    1490 	.db #0x82	; 130
      0005A4 00                    1491 	.db #0x00	; 0
      0005A5 82                    1492 	.db #0x82	; 130
      0005A6 00                    1493 	.db #0x00	; 0
      0005A7 82                    1494 	.db #0x82	; 130
      0005A8 00                    1495 	.db #0x00	; 0
      0005A9 FC                    1496 	.db #0xfc	; 252
      0005AA 00                    1497 	.db #0x00	; 0
      0005AB 80                    1498 	.db #0x80	; 128
      0005AC 00                    1499 	.db #0x00	; 0
      0005AD 80                    1500 	.db #0x80	; 128
      0005AE 00                    1501 	.db #0x00	; 0
      0005AF 00                    1502 	.db #0x00	; 0
      0005B0 00                    1503 	.db #0x00	; 0
      0005B1 7C                    1504 	.db #0x7c	; 124
      0005B2 00                    1505 	.db #0x00	; 0
      0005B3 82                    1506 	.db #0x82	; 130
      0005B4 00                    1507 	.db #0x00	; 0
      0005B5 82                    1508 	.db #0x82	; 130
      0005B6 00                    1509 	.db #0x00	; 0
      0005B7 92                    1510 	.db #0x92	; 146
      0005B8 00                    1511 	.db #0x00	; 0
      0005B9 8A                    1512 	.db #0x8a	; 138
      0005BA 00                    1513 	.db #0x00	; 0
      0005BB 84                    1514 	.db #0x84	; 132
      0005BC 00                    1515 	.db #0x00	; 0
      0005BD 7A                    1516 	.db #0x7a	; 122	'z'
      0005BE 00                    1517 	.db #0x00	; 0
      0005BF 00                    1518 	.db #0x00	; 0
      0005C0 00                    1519 	.db #0x00	; 0
      0005C1 FC                    1520 	.db #0xfc	; 252
      0005C2 00                    1521 	.db #0x00	; 0
      0005C3 82                    1522 	.db #0x82	; 130
      0005C4 00                    1523 	.db #0x00	; 0
      0005C5 82                    1524 	.db #0x82	; 130
      0005C6 00                    1525 	.db #0x00	; 0
      0005C7 84                    1526 	.db #0x84	; 132
      0005C8 00                    1527 	.db #0x00	; 0
      0005C9 F8                    1528 	.db #0xf8	; 248
      0005CA 00                    1529 	.db #0x00	; 0
      0005CB 84                    1530 	.db #0x84	; 132
      0005CC 00                    1531 	.db #0x00	; 0
      0005CD 82                    1532 	.db #0x82	; 130
      0005CE 00                    1533 	.db #0x00	; 0
      0005CF 00                    1534 	.db #0x00	; 0
      0005D0 00                    1535 	.db #0x00	; 0
      0005D1 7C                    1536 	.db #0x7c	; 124
      0005D2 00                    1537 	.db #0x00	; 0
      0005D3 80                    1538 	.db #0x80	; 128
      0005D4 00                    1539 	.db #0x00	; 0
      0005D5 80                    1540 	.db #0x80	; 128
      0005D6 00                    1541 	.db #0x00	; 0
      0005D7 7C                    1542 	.db #0x7c	; 124
      0005D8 00                    1543 	.db #0x00	; 0
      0005D9 02                    1544 	.db #0x02	; 2
      0005DA 00                    1545 	.db #0x00	; 0
      0005DB 02                    1546 	.db #0x02	; 2
      0005DC 00                    1547 	.db #0x00	; 0
      0005DD FC                    1548 	.db #0xfc	; 252
      0005DE 00                    1549 	.db #0x00	; 0
      0005DF 00                    1550 	.db #0x00	; 0
      0005E0 00                    1551 	.db #0x00	; 0
      0005E1 FE                    1552 	.db #0xfe	; 254
      0005E2 00                    1553 	.db #0x00	; 0
      0005E3 10                    1554 	.db #0x10	; 16
      0005E4 00                    1555 	.db #0x00	; 0
      0005E5 10                    1556 	.db #0x10	; 16
      0005E6 00                    1557 	.db #0x00	; 0
      0005E7 10                    1558 	.db #0x10	; 16
      0005E8 00                    1559 	.db #0x00	; 0
      0005E9 10                    1560 	.db #0x10	; 16
      0005EA 00                    1561 	.db #0x00	; 0
      0005EB 10                    1562 	.db #0x10	; 16
      0005EC 00                    1563 	.db #0x00	; 0
      0005ED 10                    1564 	.db #0x10	; 16
      0005EE 00                    1565 	.db #0x00	; 0
      0005EF 00                    1566 	.db #0x00	; 0
      0005F0 00                    1567 	.db #0x00	; 0
      0005F1 82                    1568 	.db #0x82	; 130
      0005F2 00                    1569 	.db #0x00	; 0
      0005F3 82                    1570 	.db #0x82	; 130
      0005F4 00                    1571 	.db #0x00	; 0
      0005F5 82                    1572 	.db #0x82	; 130
      0005F6 00                    1573 	.db #0x00	; 0
      0005F7 82                    1574 	.db #0x82	; 130
      0005F8 00                    1575 	.db #0x00	; 0
      0005F9 82                    1576 	.db #0x82	; 130
      0005FA 00                    1577 	.db #0x00	; 0
      0005FB 82                    1578 	.db #0x82	; 130
      0005FC 00                    1579 	.db #0x00	; 0
      0005FD 7C                    1580 	.db #0x7c	; 124
      0005FE 00                    1581 	.db #0x00	; 0
      0005FF 00                    1582 	.db #0x00	; 0
      000600 00                    1583 	.db #0x00	; 0
      000601 82                    1584 	.db #0x82	; 130
      000602 00                    1585 	.db #0x00	; 0
      000603 82                    1586 	.db #0x82	; 130
      000604 00                    1587 	.db #0x00	; 0
      000605 82                    1588 	.db #0x82	; 130
      000606 00                    1589 	.db #0x00	; 0
      000607 82                    1590 	.db #0x82	; 130
      000608 00                    1591 	.db #0x00	; 0
      000609 44                    1592 	.db #0x44	; 68	'D'
      00060A 00                    1593 	.db #0x00	; 0
      00060B 28                    1594 	.db #0x28	; 40
      00060C 00                    1595 	.db #0x00	; 0
      00060D 10                    1596 	.db #0x10	; 16
      00060E 00                    1597 	.db #0x00	; 0
      00060F 00                    1598 	.db #0x00	; 0
      000610 00                    1599 	.db #0x00	; 0
      000611 82                    1600 	.db #0x82	; 130
      000612 00                    1601 	.db #0x00	; 0
      000613 82                    1602 	.db #0x82	; 130
      000614 00                    1603 	.db #0x00	; 0
      000615 82                    1604 	.db #0x82	; 130
      000616 00                    1605 	.db #0x00	; 0
      000617 92                    1606 	.db #0x92	; 146
      000618 00                    1607 	.db #0x00	; 0
      000619 AA                    1608 	.db #0xaa	; 170
      00061A 00                    1609 	.db #0x00	; 0
      00061B C6                    1610 	.db #0xc6	; 198
      00061C 00                    1611 	.db #0x00	; 0
      00061D 82                    1612 	.db #0x82	; 130
      00061E 00                    1613 	.db #0x00	; 0
      00061F 00                    1614 	.db #0x00	; 0
      000620 00                    1615 	.db #0x00	; 0
      000621 82                    1616 	.db #0x82	; 130
      000622 00                    1617 	.db #0x00	; 0
      000623 44                    1618 	.db #0x44	; 68	'D'
      000624 00                    1619 	.db #0x00	; 0
      000625 28                    1620 	.db #0x28	; 40
      000626 00                    1621 	.db #0x00	; 0
      000627 10                    1622 	.db #0x10	; 16
      000628 00                    1623 	.db #0x00	; 0
      000629 28                    1624 	.db #0x28	; 40
      00062A 00                    1625 	.db #0x00	; 0
      00062B 44                    1626 	.db #0x44	; 68	'D'
      00062C 00                    1627 	.db #0x00	; 0
      00062D 82                    1628 	.db #0x82	; 130
      00062E 00                    1629 	.db #0x00	; 0
      00062F 00                    1630 	.db #0x00	; 0
      000630 00                    1631 	.db #0x00	; 0
      000631 82                    1632 	.db #0x82	; 130
      000632 00                    1633 	.db #0x00	; 0
      000633 44                    1634 	.db #0x44	; 68	'D'
      000634 00                    1635 	.db #0x00	; 0
      000635 28                    1636 	.db #0x28	; 40
      000636 00                    1637 	.db #0x00	; 0
      000637 10                    1638 	.db #0x10	; 16
      000638 00                    1639 	.db #0x00	; 0
      000639 10                    1640 	.db #0x10	; 16
      00063A 00                    1641 	.db #0x00	; 0
      00063B 10                    1642 	.db #0x10	; 16
      00063C 00                    1643 	.db #0x00	; 0
      00063D 10                    1644 	.db #0x10	; 16
      00063E 00                    1645 	.db #0x00	; 0
      00063F 00                    1646 	.db #0x00	; 0
      000640 00                    1647 	.db #0x00	; 0
      000641 FE                    1648 	.db #0xfe	; 254
      000642 00                    1649 	.db #0x00	; 0
      000643 04                    1650 	.db #0x04	; 4
      000644 00                    1651 	.db #0x00	; 0
      000645 08                    1652 	.db #0x08	; 8
      000646 00                    1653 	.db #0x00	; 0
      000647 10                    1654 	.db #0x10	; 16
      000648 00                    1655 	.db #0x00	; 0
      000649 20                    1656 	.db #0x20	; 32
      00064A 00                    1657 	.db #0x00	; 0
      00064B 40                    1658 	.db #0x40	; 64
      00064C 00                    1659 	.db #0x00	; 0
      00064D FE                    1660 	.db #0xfe	; 254
      00064E 00                    1661 	.db #0x00	; 0
      00064F 00                    1662 	.db #0x00	; 0
                                   1663 	.area _INITIALIZER
                                   1664 	.area _CABS (ABS)
