                                      1 ;--------------------------------------------------------
                                      2 ; File Created by SDCC : free open source ISO C Compiler 
                                      3 ; Version 4.2.2 #13350 (Linux)
                                      4 ;--------------------------------------------------------
                                      5 	.module player
                                      6 	.optsdcc -msm83
                                      7 	
                                      8 ;--------------------------------------------------------
                                      9 ; Public variables in this module
                                     10 ;--------------------------------------------------------
                                     11 	.globl _player
                                     12 ;--------------------------------------------------------
                                     13 ; special function registers
                                     14 ;--------------------------------------------------------
                                     15 ;--------------------------------------------------------
                                     16 ; ram data
                                     17 ;--------------------------------------------------------
                                     18 	.area _DATA
                                     19 ;--------------------------------------------------------
                                     20 ; ram data
                                     21 ;--------------------------------------------------------
                                     22 	.area _INITIALIZED
                                     23 ;--------------------------------------------------------
                                     24 ; absolute external ram data
                                     25 ;--------------------------------------------------------
                                     26 	.area _DABS (ABS)
                                     27 ;--------------------------------------------------------
                                     28 ; global & static initialisations
                                     29 ;--------------------------------------------------------
                                     30 	.area _HOME
                                     31 	.area _GSINIT
                                     32 	.area _GSFINAL
                                     33 	.area _GSINIT
                                     34 ;--------------------------------------------------------
                                     35 ; Home
                                     36 ;--------------------------------------------------------
                                     37 	.area _HOME
                                     38 	.area _HOME
                                     39 ;--------------------------------------------------------
                                     40 ; code
                                     41 ;--------------------------------------------------------
                                     42 	.area _CODE
                                     43 	.area _CODE
      000000                         44 _player:
      000000 00                      45 	.db #0x00	; 0
      000001 00                      46 	.db #0x00	; 0
      000002 00                      47 	.db #0x00	; 0
      000003 00                      48 	.db #0x00	; 0
      000004 01                      49 	.db #0x01	; 1
      000005 01                      50 	.db #0x01	; 1
      000006 01                      51 	.db #0x01	; 1
      000007 01                      52 	.db #0x01	; 1
      000008 03                      53 	.db #0x03	; 3
      000009 00                      54 	.db #0x00	; 0
      00000A 06                      55 	.db #0x06	; 6
      00000B 01                      56 	.db #0x01	; 1
      00000C 06                      57 	.db #0x06	; 6
      00000D 03                      58 	.db #0x03	; 3
      00000E 07                      59 	.db #0x07	; 7
      00000F 03                      60 	.db #0x03	; 3
      000010 0F                      61 	.db #0x0f	; 15
      000011 03                      62 	.db #0x03	; 3
      000012 01                      63 	.db #0x01	; 1
      000013 0F                      64 	.db #0x0f	; 15
      000014 1B                      65 	.db #0x1b	; 27
      000015 00                      66 	.db #0x00	; 0
      000016 17                      67 	.db #0x17	; 23
      000017 06                      68 	.db #0x06	; 6
      000018 07                      69 	.db #0x07	; 7
      000019 06                      70 	.db #0x06	; 6
      00001A 00                      71 	.db #0x00	; 0
      00001B 03                      72 	.db #0x03	; 3
      00001C 02                      73 	.db #0x02	; 2
      00001D 00                      74 	.db #0x00	; 0
      00001E 04                      75 	.db #0x04	; 4
      00001F 00                      76 	.db #0x00	; 0
      000020 00                      77 	.db #0x00	; 0
      000021 00                      78 	.db #0x00	; 0
      000022 00                      79 	.db #0x00	; 0
      000023 00                      80 	.db #0x00	; 0
      000024 80                      81 	.db #0x80	; 128
      000025 80                      82 	.db #0x80	; 128
      000026 80                      83 	.db #0x80	; 128
      000027 80                      84 	.db #0x80	; 128
      000028 C0                      85 	.db #0xc0	; 192
      000029 00                      86 	.db #0x00	; 0
      00002A E0                      87 	.db #0xe0	; 224
      00002B 00                      88 	.db #0x00	; 0
      00002C E0                      89 	.db #0xe0	; 224
      00002D 80                      90 	.db #0x80	; 128
      00002E F0                      91 	.db #0xf0	; 240
      00002F 80                      92 	.db #0x80	; 128
      000030 B0                      93 	.db #0xb0	; 176
      000031 88                      94 	.db #0x88	; 136
      000032 08                      95 	.db #0x08	; 8
      000033 D0                      96 	.db #0xd0	; 208
      000034 C8                      97 	.db #0xc8	; 200
      000035 40                      98 	.db #0x40	; 64
      000036 E8                      99 	.db #0xe8	; 232
      000037 E0                     100 	.db #0xe0	; 224
      000038 60                     101 	.db #0x60	; 96
      000039 60                     102 	.db #0x60	; 96
      00003A 20                     103 	.db #0x20	; 32
      00003B 30                     104 	.db #0x30	; 48	'0'
      00003C 10                     105 	.db #0x10	; 16
      00003D 20                     106 	.db #0x20	; 32
      00003E 10                     107 	.db #0x10	; 16
      00003F 00                     108 	.db #0x00	; 0
      000040 00                     109 	.db #0x00	; 0
      000041 00                     110 	.db #0x00	; 0
      000042 00                     111 	.db #0x00	; 0
      000043 00                     112 	.db #0x00	; 0
      000044 00                     113 	.db #0x00	; 0
      000045 00                     114 	.db #0x00	; 0
      000046 00                     115 	.db #0x00	; 0
      000047 00                     116 	.db #0x00	; 0
      000048 00                     117 	.db #0x00	; 0
      000049 00                     118 	.db #0x00	; 0
      00004A 00                     119 	.db #0x00	; 0
      00004B 00                     120 	.db #0x00	; 0
      00004C 00                     121 	.db #0x00	; 0
      00004D 00                     122 	.db #0x00	; 0
      00004E 00                     123 	.db #0x00	; 0
      00004F 00                     124 	.db #0x00	; 0
      000050 00                     125 	.db #0x00	; 0
      000051 00                     126 	.db #0x00	; 0
      000052 00                     127 	.db #0x00	; 0
      000053 00                     128 	.db #0x00	; 0
      000054 00                     129 	.db #0x00	; 0
      000055 00                     130 	.db #0x00	; 0
      000056 00                     131 	.db #0x00	; 0
      000057 00                     132 	.db #0x00	; 0
      000058 00                     133 	.db #0x00	; 0
      000059 00                     134 	.db #0x00	; 0
      00005A 00                     135 	.db #0x00	; 0
      00005B 00                     136 	.db #0x00	; 0
      00005C 00                     137 	.db #0x00	; 0
      00005D 00                     138 	.db #0x00	; 0
      00005E 00                     139 	.db #0x00	; 0
      00005F 00                     140 	.db #0x00	; 0
      000060 00                     141 	.db #0x00	; 0
      000061 00                     142 	.db #0x00	; 0
      000062 00                     143 	.db #0x00	; 0
      000063 00                     144 	.db #0x00	; 0
      000064 00                     145 	.db #0x00	; 0
      000065 00                     146 	.db #0x00	; 0
      000066 00                     147 	.db #0x00	; 0
      000067 00                     148 	.db #0x00	; 0
      000068 00                     149 	.db #0x00	; 0
      000069 00                     150 	.db #0x00	; 0
      00006A 00                     151 	.db #0x00	; 0
      00006B 00                     152 	.db #0x00	; 0
      00006C 00                     153 	.db #0x00	; 0
      00006D 00                     154 	.db #0x00	; 0
      00006E 00                     155 	.db #0x00	; 0
      00006F 00                     156 	.db #0x00	; 0
      000070 00                     157 	.db #0x00	; 0
      000071 00                     158 	.db #0x00	; 0
      000072 00                     159 	.db #0x00	; 0
      000073 00                     160 	.db #0x00	; 0
      000074 00                     161 	.db #0x00	; 0
      000075 00                     162 	.db #0x00	; 0
      000076 00                     163 	.db #0x00	; 0
      000077 00                     164 	.db #0x00	; 0
      000078 00                     165 	.db #0x00	; 0
      000079 00                     166 	.db #0x00	; 0
      00007A 00                     167 	.db #0x00	; 0
      00007B 00                     168 	.db #0x00	; 0
      00007C 00                     169 	.db #0x00	; 0
      00007D 00                     170 	.db #0x00	; 0
      00007E 00                     171 	.db #0x00	; 0
      00007F 00                     172 	.db #0x00	; 0
                                    173 	.area _INITIALIZER
                                    174 	.area _CABS (ABS)
